[1029/230326.305:ERROR:process_reader_win.cc(233)] ReadMemory at 0x1105000 of 45056 bytes failed: 仅完成部分的 ReadProcessMemory 或 WriteProcessMemory 请求。 (0x12B)
[1029/230326.306:ERROR:crash_report_exception_handler.cc(111)] WriteEverything failed
[1029/230326.307:ERROR:scoped_process_suspend.cc(38)] NtResumeProcess: 已尝试访问正在退出的过程。  (0xc000010a)
[1029/230326.817:ERROR:process_reader_win.cc(233)] ReadMemory at 0xaf5000 of 45056 bytes failed: 仅完成部分的 ReadProcessMemory 或 WriteProcessMemory 请求。 (0x12B)
[1029/230326.818:ERROR:crash_report_exception_handler.cc(111)] WriteEverything failed
[1029/230326.819:ERROR:scoped_process_suspend.cc(38)] NtResumeProcess: 已尝试访问正在退出的过程。  (0xc000010a)
[1029/230327.323:ERROR:process_reader_win.cc(233)] ReadMemory at 0x9c6000 of 40960 bytes failed: 仅完成部分的 ReadProcessMemory 或 WriteProcessMemory 请求。 (0x12B)
[1029/230327.327:ERROR:crash_report_exception_handler.cc(111)] WriteEverything failed
[1029/230327.328:ERROR:scoped_process_suspend.cc(38)] NtResumeProcess: 已尝试访问正在退出的过程。  (0xc000010a)
[1029/230414.039:ERROR:process_reader_win.cc(233)] ReadMemory at 0xda5000 of 45056 bytes failed: 仅完成部分的 ReadProcessMemory 或 WriteProcessMemory 请求。 (0x12B)
[1029/230414.040:ERROR:crash_report_exception_handler.cc(111)] WriteEverything failed
[1029/230414.041:ERROR:scoped_process_suspend.cc(38)] NtResumeProcess: 已尝试访问正在退出的过程。  (0xc000010a)
[1029/230416.188:ERROR:process_reader_win.cc(233)] ReadMemory at 0x1105000 of 45056 bytes failed: 仅完成部分的 ReadProcessMemory 或 WriteProcessMemory 请求。 (0x12B)
[1029/230416.190:ERROR:crash_report_exception_handler.cc(111)] WriteEverything failed
[1029/230416.192:ERROR:scoped_process_suspend.cc(38)] NtResumeProcess: 已尝试访问正在退出的过程。  (0xc000010a)
[1029/230417.589:ERROR:process_reader_win.cc(233)] ReadMemory at 0x1135000 of 45056 bytes failed: 仅完成部分的 ReadProcessMemory 或 WriteProcessMemory 请求。 (0x12B)
[1029/230417.590:ERROR:crash_report_exception_handler.cc(111)] WriteEverything failed
[1029/230417.591:ERROR:scoped_process_suspend.cc(38)] NtResumeProcess: 已尝试访问正在退出的过程。  (0xc000010a)
[1029/230500.850:ERROR:process_reader_win.cc(142)] SuspendThread: 拒绝访问。 (0x5)
[1029/230500.852:ERROR:exception_snapshot_win.cc(87)] thread ID 669068 not found in process
[1029/230500.852:WARNING:crash_report_exception_handler.cc(60)] ProcessSnapshotWin::Initialize failed
[1029/230501.451:ERROR:scoped_process_suspend.cc(38)] NtResumeProcess: 已尝试访问正在退出的过程。  (0xc000010a)
[1029/230501.486:ERROR:process_reader_win.cc(233)] ReadMemory at 0x54e2ee8 of 62 bytes failed: 仅完成部分的 ReadProcessMemory 或 WriteProcessMemory 请求。 (0x12B)
[1029/230501.486:ERROR:crash_report_exception_handler.cc(111)] WriteEverything failed
[1029/230501.487:ERROR:scoped_process_suspend.cc(38)] NtResumeProcess: 已尝试访问正在退出的过程。  (0xc000010a)
[1029/230501.504:ERROR:scoped_process_suspend.cc(38)] NtResumeProcess: 已尝试访问正在退出的过程。  (0xc000010a)
[1029/230752.322:ERROR:scoped_process_suspend.cc(38)] NtResumeProcess: 已尝试访问正在退出的过程。  (0xc000010a)
[1029/230752.795:ERROR:process_reader_win.cc(142)] SuspendThread: 拒绝访问。 (0x5)
[1029/230752.818:ERROR:process_reader_win.cc(142)] SuspendThread: 拒绝访问。 (0x5)
[1029/230752.818:ERROR:process_reader_win.cc(142)] SuspendThread: 拒绝访问。 (0x5)
[1029/230752.858:ERROR:process_reader_win.cc(142)] SuspendThread: 拒绝访问。 (0x5)
[1029/230752.858:ERROR:process_reader_win.cc(142)] SuspendThread: 拒绝访问。 (0x5)
[1029/230752.860:ERROR:process_reader_win.cc(142)] SuspendThread: 拒绝访问。 (0x5)
[1029/230752.860:ERROR:exception_snapshot_win.cc(87)] thread ID 673240 not found in process
[1029/230752.861:WARNING:crash_report_exception_handler.cc(60)] ProcessSnapshotWin::Initialize failed
